<?xml version="1.0" encoding="UTF-8"?>
<!-- Generated by org.testng.reporters.JUnitReportReporter -->
<testsuite hostname="Altafs-MacBook-Air.local" failures="0" tests="2" name="AutomationTests.AmazonLogin" time="9.916" errors="1" timestamp="05 May 2018 06:42:58 GMT" skipped="0">
  <testcase classname="AutomationTests.AmazonLogin" name="testlogin" time="9.904"/>
  <testcase classname="AutomationTests.AmazonLogin" name="quitbrowser" time="0.012">
    <error type="java.lang.StackOverflowError">
      <![CDATA[java.lang.StackOverflowError
at AutomationTests.AmazonLogin.quitbrowser(AmazonLogin.java:20)
at AutomationTests.AmazonLogin.quitbrowser(AmazonLogin.java:20)
at AutomationTests.AmazonLogin.quitbrowser(AmazonLogin.java:20)
at AutomationTests.AmazonLogin.quitbrowser(AmazonLogin.java:20)
at AutomationTests.AmazonLogin.quitbrowser(AmazonLogin.java:20)
at AutomationTests.AmazonLogin.quitbrowser(AmazonLogin.java:20)
at AutomationTests.AmazonLogin.quitbrowser(AmazonLogin.java:20)
at AutomationTests.AmazonLogin.quitbrowser(AmazonLogin.java:20)
at AutomationTests.AmazonLogin.quitbrowser(AmazonLogin.java:20)
at AutomationTests.AmazonLogin.quitbrowser(AmazonLogin.java:20)
at AutomationTests.AmazonLogin.quitbrowser(AmazonLogin.java:20)
at AutomationTests.AmazonLogin.quitbrowser(AmazonLogin.java:20)
at AutomationTests.AmazonLogin.quitbrowser(AmazonLogin.java:20)
at AutomationTests.AmazonLogin.quitbrowser(AmazonLogin.java:20)
at AutomationTests.AmazonLogin.quitbrowser(AmazonLogin.java:20)
at AutomationTests.AmazonLogin.quitbrowser(AmazonLogin.java:20)
at AutomationTests.AmazonLogin.quitbrowser(AmazonLogin.java:20)
at AutomationTests.AmazonLogin.quitbrowser(AmazonLogin.java:20)
at AutomationTests.AmazonLogin.quitbrowser(AmazonLogin.java:20)
at AutomationTests.AmazonLogin.quitbrowser(AmazonLogin.java:20)
at AutomationTests.AmazonLogin.quitbrowser(AmazonLogin.java:20)
at AutomationTests.AmazonLogin.quitbrowser(AmazonLogin.java:20)
at AutomationTests.AmazonLogin.quitbrowser(AmazonLogin.java:20)
at AutomationTests.AmazonLogin.quitbrowser(AmazonLogin.java:20)
at AutomationTests.AmazonLogin.quitbrowser(AmazonLogin.java:20)
at AutomationTests.AmazonLogin.quitbrowser(AmazonLogin.java:20)
at AutomationTests.AmazonLogin.quitbrowser(AmazonLogin.java:20)
at AutomationTests.AmazonLogin.quitbrowser(AmazonLogin.java:20)
at AutomationTests.AmazonLogin.quitbrowser(AmazonLogin.java:20)
at AutomationTests.AmazonLogin.quitbrowser(AmazonLogin.java:20)
at AutomationTests.AmazonLogin.quitbrowser(AmazonLogin.java:20)
at AutomationTests.AmazonLogin.quitbrowser(AmazonLogin.java:20)
at AutomationTests.AmazonLogin.quitbrowser(AmazonLogin.java:20)
at AutomationTests.AmazonLogin.quitbrowser(AmazonLogin.java:20)
at AutomationTests.AmazonLogin.quitbrowser(AmazonLogin.java:20)
at AutomationTests.AmazonLogin.quitbrowser(AmazonLogin.java:20)
at AutomationTests.AmazonLogin.quitbrowser(AmazonLogin.java:20)
at AutomationTests.AmazonLogin.quitbrowser(AmazonLogin.java:20)
at AutomationTests.AmazonLogin.quitbrowser(AmazonLogin.java:20)
at AutomationTests.AmazonLogin.quitbrowser(AmazonLogin.java:20)
at AutomationTests.AmazonLogin.quitbrowser(AmazonLogin.java:20)
at AutomationTests.AmazonLogin.quitbrowser(AmazonLogin.java:20)
at AutomationTests.AmazonLogin.quitbrowser(AmazonLogin.java:20)
at AutomationTests.AmazonLogin.quitbrowser(AmazonLogin.java:20)
at AutomationTests.AmazonLogin.quitbrowser(AmazonLogin.java:20)
at AutomationTests.AmazonLogin.quitbrowser(AmazonLogin.java:20)
at AutomationTests.AmazonLogin.quitbrowser(AmazonLogin.java:20)
at AutomationTests.AmazonLogin.quitbrowser(AmazonLogin.java:20)
at AutomationTests.AmazonLogin.quitbrowser(AmazonLogin.java:20)
at AutomationTests.AmazonLogin.quitbrowser(AmazonLogin.java:20)
at AutomationTests.AmazonLogin.quitbrowser(AmazonLogin.java:20)
at AutomationTests.AmazonLogin.quitbrowser(AmazonLogin.java:20)
at AutomationTests.AmazonLogin.quitbrowser(AmazonLogin.java:20)
at AutomationTests.AmazonLogin.quitbrowser(AmazonLogin.java:20)
at AutomationTests.AmazonLogin.quitbrowser(AmazonLogin.java:20)
at AutomationTests.AmazonLogin.quitbrowser(AmazonLogin.java:20)
at AutomationTests.AmazonLogin.quitbrowser(AmazonLogin.java:20)
at AutomationTests.AmazonLogin.quitbrowser(AmazonLogin.java:20)
at AutomationTests.AmazonLogin.quitbrowser(AmazonLogin.java:20)
at AutomationTests.AmazonLogin.quitbrowser(AmazonLogin.java:20)
at AutomationTests.AmazonLogin.quitbrowser(AmazonLogin.java:20)
at AutomationTests.AmazonLogin.quitbrowser(AmazonLogin.java:20)
at AutomationTests.AmazonLogin.quitbrowser(AmazonLogin.java:20)
at AutomationTests.AmazonLogin.quitbrowser(AmazonLogin.java:20)
at AutomationTests.AmazonLogin.quitbrowser(AmazonLogin.java:20)
at AutomationTests.AmazonLogin.quitbrowser(AmazonLogin.java:20)
at AutomationTests.AmazonLogin.quitbrowser(AmazonLogin.java:20)
at AutomationTests.AmazonLogin.quitbrowser(AmazonLogin.java:20)
at AutomationTests.AmazonLogin.quitbrowser(AmazonLogin.java:20)
at AutomationTests.AmazonLogin.quitbrowser(AmazonLogin.java:20)
at AutomationTests.AmazonLogin.quitbrowser(AmazonLogin.java:20)
at AutomationTests.AmazonLogin.quitbrowser(AmazonLogin.java:20)
at AutomationTests.AmazonLogin.quitbrowser(AmazonLogin.java:20)
at AutomationTests.AmazonLogin.quitbrowser(AmazonLogin.java:20)
at AutomationTests.AmazonLogin.quitbrowser(AmazonLogin.java:20)
at AutomationTests.AmazonLogin.quitbrowser(AmazonLogin.java:20)
at AutomationTests.AmazonLogin.quitbrowser(AmazonLogin.java:20)
at AutomationTests.AmazonLogin.quitbrowser(AmazonLogin.java:20)
at AutomationTests.AmazonLogin.quitbrowser(AmazonLogin.java:20)
at AutomationTests.AmazonLogin.quitbrowser(AmazonLogin.java:20)
at AutomationTests.AmazonLogin.quitbrowser(AmazonLogin.java:20)
at AutomationTests.AmazonLogin.quitbrowser(AmazonLogin.java:20)
at AutomationTests.AmazonLogin.quitbrowser(AmazonLogin.java:20)
at AutomationTests.AmazonLogin.quitbrowser(AmazonLogin.java:20)
at AutomationTests.AmazonLogin.quitbrowser(AmazonLogin.java:20)
at AutomationTests.AmazonLogin.quitbrowser(AmazonLogin.java:20)
at AutomationTests.AmazonLogin.quitbrowser(AmazonLogin.java:20)
at AutomationTests.AmazonLogin.quitbrowser(AmazonLogin.java:20)
at AutomationTests.AmazonLogin.quitbrowser(AmazonLogin.java:20)
at AutomationTests.AmazonLogin.quitbrowser(AmazonLogin.java:20)
at AutomationTests.AmazonLogin.quitbrowser(AmazonLogin.java:20)
at AutomationTests.AmazonLogin.quitbrowser(AmazonLogin.java:20)
at AutomationTests.AmazonLogin.quitbrowser(AmazonLogin.java:20)
at AutomationTests.AmazonLogin.quitbrowser(AmazonLogin.java:20)
at AutomationTests.AmazonLogin.quitbrowser(AmazonLogin.java:20)
at AutomationTests.AmazonLogin.quitbrowser(AmazonLogin.java:20)
at AutomationTests.AmazonLogin.quitbrowser(AmazonLogin.java:20)
at AutomationTests.AmazonLogin.quitbrowser(AmazonLogin.java:20)
at AutomationTests.AmazonLogin.quitbrowser(AmazonLogin.java:20)
at AutomationTests.AmazonLogin.quitbrowser(AmazonLogin.java:20)
at AutomationTests.AmazonLogin.quitbrowser(AmazonLogin.java:20)
at AutomationTests.AmazonLogin.quitbrowser(AmazonLogin.java:20)
at AutomationTests.AmazonLogin.quitbrowser(AmazonLogin.java:20)
at AutomationTests.AmazonLogin.quitbrowser(AmazonLogin.java:20)
at AutomationTests.AmazonLogin.quitbrowser(AmazonLogin.java:20)
at AutomationTests.AmazonLogin.quitbrowser(AmazonLogin.java:20)
at AutomationTests.AmazonLogin.quitbrowser(AmazonLogin.java:20)
at AutomationTests.AmazonLogin.quitbrowser(AmazonLogin.java:20)
at AutomationTests.AmazonLogin.quitbrowser(AmazonLogin.java:20)
at AutomationTests.AmazonLogin.quitbrowser(AmazonLogin.java:20)
at AutomationTests.AmazonLogin.quitbrowser(AmazonLogin.java:20)
at AutomationTests.AmazonLogin.quitbrowser(AmazonLogin.java:20)
at AutomationTests.AmazonLogin.quitbrowser(AmazonLogin.java:20)
at AutomationTests.AmazonLogin.quitbrowser(AmazonLogin.java:20)
at AutomationTests.AmazonLogin.quitbrowser(AmazonLogin.java:20)
at AutomationTests.AmazonLogin.quitbrowser(AmazonLogin.java:20)
at AutomationTests.AmazonLogin.quitbrowser(AmazonLogin.java:20)
at AutomationTests.AmazonLogin.quitbrowser(AmazonLogin.java:20)
at AutomationTests.AmazonLogin.quitbrowser(AmazonLogin.java:20)
at AutomationTests.AmazonLogin.quitbrowser(AmazonLogin.java:20)
at AutomationTests.AmazonLogin.quitbrowser(AmazonLogin.java:20)
at AutomationTests.AmazonLogin.quitbrowser(AmazonLogin.java:20)
at AutomationTests.AmazonLogin.quitbrowser(AmazonLogin.java:20)
at AutomationTests.AmazonLogin.quitbrowser(AmazonLogin.java:20)
at AutomationTests.AmazonLogin.quitbrowser(AmazonLogin.java:20)
at AutomationTests.AmazonLogin.quitbrowser(AmazonLogin.java:20)
at AutomationTests.AmazonLogin.quitbrowser(AmazonLogin.java:20)
at AutomationTests.AmazonLogin.quitbrowser(AmazonLogin.java:20)
at AutomationTests.AmazonLogin.quitbrowser(AmazonLogin.java:20)
at AutomationTests.AmazonLogin.quitbrowser(AmazonLogin.java:20)
at AutomationTests.AmazonLogin.quitbrowser(AmazonLogin.java:20)
at AutomationTests.AmazonLogin.quitbrowser(AmazonLogin.java:20)
at AutomationTests.AmazonLogin.quitbrowser(AmazonLogin.java:20)
at AutomationTests.AmazonLogin.quitbrowser(AmazonLogin.java:20)
at AutomationTests.AmazonLogin.quitbrowser(AmazonLogin.java:20)
at AutomationTests.AmazonLogin.quitbrowser(AmazonLogin.java:20)
at AutomationTests.AmazonLogin.quitbrowser(AmazonLogin.java:20)
at AutomationTests.AmazonLogin.quitbrowser(AmazonLogin.java:20)
at AutomationTests.AmazonLogin.quitbrowser(AmazonLogin.java:20)
at AutomationTests.AmazonLogin.quitbrowser(AmazonLogin.java:20)
at AutomationTests.AmazonLogin.quitbrowser(AmazonLogin.java:20)
at AutomationTests.AmazonLogin.quitbrowser(AmazonLogin.java:20)
at AutomationTests.AmazonLogin.quitbrowser(AmazonLogin.java:20)
at AutomationTests.AmazonLogin.quitbrowser(AmazonLogin.java:20)
at AutomationTests.AmazonLogin.quitbrowser(AmazonLogin.java:20)
at AutomationTests.AmazonLogin.quitbrowser(AmazonLogin.java:20)
at AutomationTests.AmazonLogin.quitbrowser(AmazonLogin.java:20)
at AutomationTests.AmazonLogin.quitbrowser(AmazonLogin.java:20)
at AutomationTests.AmazonLogin.quitbrowser(AmazonLogin.java:20)
at AutomationTests.AmazonLogin.quitbrowser(AmazonLogin.java:20)
at AutomationTests.AmazonLogin.quitbrowser(AmazonLogin.java:20)
at AutomationTests.AmazonLogin.quitbrowser(AmazonLogin.java:20)
at AutomationTests.AmazonLogin.quitbrowser(AmazonLogin.java:20)
at AutomationTests.AmazonLogin.quitbrowser(AmazonLogin.java:20)
at AutomationTests.AmazonLogin.quitbrowser(AmazonLogin.java:20)
at AutomationTests.AmazonLogin.quitbrowser(AmazonLogin.java:20)
at AutomationTests.AmazonLogin.quitbrowser(AmazonLogin.java:20)
at AutomationTests.AmazonLogin.quitbrowser(AmazonLogin.java:20)
at AutomationTests.AmazonLogin.quitbrowser(AmazonLogin.java:20)
at AutomationTests.AmazonLogin.quitbrowser(AmazonLogin.java:20)
at AutomationTests.AmazonLogin.quitbrowser(AmazonLogin.java:20)
at AutomationTests.AmazonLogin.quitbrowser(AmazonLogin.java:20)
at AutomationTests.AmazonLogin.quitbrowser(AmazonLogin.java:20)
at AutomationTests.AmazonLogin.quitbrowser(AmazonLogin.java:20)
at AutomationTests.AmazonLogin.quitbrowser(AmazonLogin.java:20)
at AutomationTests.AmazonLogin.quitbrowser(AmazonLogin.java:20)
at AutomationTests.AmazonLogin.quitbrowser(AmazonLogin.java:20)
at AutomationTests.AmazonLogin.quitbrowser(AmazonLogin.java:20)
at AutomationTests.AmazonLogin.quitbrowser(AmazonLogin.java:20)
at AutomationTests.AmazonLogin.quitbrowser(AmazonLogin.java:20)
at AutomationTests.AmazonLogin.quitbrowser(AmazonLogin.java:20)
at AutomationTests.AmazonLogin.quitbrowser(AmazonLogin.java:20)
at AutomationTests.AmazonLogin.quitbrowser(AmazonLogin.java:20)
at AutomationTests.AmazonLogin.quitbrowser(AmazonLogin.java:20)
at AutomationTests.AmazonLogin.quitbrowser(AmazonLogin.java:20)
at AutomationTests.AmazonLogin.quitbrowser(AmazonLogin.java:20)
at AutomationTests.AmazonLogin.quitbrowser(AmazonLogin.java:20)
at AutomationTests.AmazonLogin.quitbrowser(AmazonLogin.java:20)
at AutomationTests.AmazonLogin.quitbrowser(AmazonLogin.java:20)
at AutomationTests.AmazonLogin.quitbrowser(AmazonLogin.java:20)
at AutomationTests.AmazonLogin.quitbrowser(AmazonLogin.java:20)
at AutomationTests.AmazonLogin.quitbrowser(AmazonLogin.java:20)
at AutomationTests.AmazonLogin.quitbrowser(AmazonLogin.java:20)
at AutomationTests.AmazonLogin.quitbrowser(AmazonLogin.java:20)
at AutomationTests.AmazonLogin.quitbrowser(AmazonLogin.java:20)
at AutomationTests.AmazonLogin.quitbrowser(AmazonLogin.java:20)
at AutomationTests.AmazonLogin.quitbrowser(AmazonLogin.java:20)
at AutomationTests.AmazonLogin.quitbrowser(AmazonLogin.java:20)
at AutomationTests.AmazonLogin.quitbrowser(AmazonLogin.java:20)
at AutomationTests.AmazonLogin.quitbrowser(AmazonLogin.java:20)
at AutomationTests.AmazonLogin.quitbrowser(AmazonLogin.java:20)
at AutomationTests.AmazonLogin.quitbrowser(AmazonLogin.java:20)
at AutomationTests.AmazonLogin.quitbrowser(AmazonLogin.java:20)
at AutomationTests.AmazonLogin.quitbrowser(AmazonLogin.java:20)
at AutomationTests.AmazonLogin.quitbrowser(AmazonLogin.java:20)
at AutomationTests.AmazonLogin.quitbrowser(AmazonLogin.java:20)
at AutomationTests.AmazonLogin.quitbrowser(AmazonLogin.java:20)
at AutomationTests.AmazonLogin.quitbrowser(AmazonLogin.java:20)
at AutomationTests.AmazonLogin.quitbrowser(AmazonLogin.java:20)
at AutomationTests.AmazonLogin.quitbrowser(AmazonLogin.java:20)
at AutomationTests.AmazonLogin.quitbrowser(AmazonLogin.java:20)
at AutomationTests.AmazonLogin.quitbrowser(AmazonLogin.java:20)
at AutomationTests.AmazonLogin.quitbrowser(AmazonLogin.java:20)
at AutomationTests.AmazonLogin.quitbrowser(AmazonLogin.java:20)
at AutomationTests.AmazonLogin.quitbrowser(AmazonLogin.java:20)
at AutomationTests.AmazonLogin.quitbrowser(AmazonLogin.java:20)
at AutomationTests.AmazonLogin.quitbrowser(AmazonLogin.java:20)
at AutomationTests.AmazonLogin.quitbrowser(AmazonLogin.java:20)
at AutomationTests.AmazonLogin.quitbrowser(AmazonLogin.java:20)
at AutomationTests.AmazonLogin.quitbrowser(AmazonLogin.java:20)
at AutomationTests.AmazonLogin.quitbrowser(AmazonLogin.java:20)
at AutomationTests.AmazonLogin.quitbrowser(AmazonLogin.java:20)
at AutomationTests.AmazonLogin.quitbrowser(AmazonLogin.java:20)
at AutomationTests.AmazonLogin.quitbrowser(AmazonLogin.java:20)
at AutomationTests.AmazonLogin.quitbrowser(AmazonLogin.java:20)
at AutomationTests.AmazonLogin.quitbrowser(AmazonLogin.java:20)
at AutomationTests.AmazonLogin.quitbrowser(AmazonLogin.java:20)
at AutomationTests.AmazonLogin.quitbrowser(AmazonLogin.java:20)
at AutomationTests.AmazonLogin.quitbrowser(AmazonLogin.java:20)
at AutomationTests.AmazonLogin.quitbrowser(AmazonLogin.java:20)
at AutomationTests.AmazonLogin.quitbrowser(AmazonLogin.java:20)
at AutomationTests.AmazonLogin.quitbrowser(AmazonLogin.java:20)
at AutomationTests.AmazonLogin.quitbrowser(AmazonLogin.java:20)
at AutomationTests.AmazonLogin.quitbrowser(AmazonLogin.java:20)
at AutomationTests.AmazonLogin.quitbrowser(AmazonLogin.java:20)
at AutomationTests.AmazonLogin.quitbrowser(AmazonLogin.java:20)
at AutomationTests.AmazonLogin.quitbrowser(AmazonLogin.java:20)
at AutomationTests.AmazonLogin.quitbrowser(AmazonLogin.java:20)
at AutomationTests.AmazonLogin.quitbrowser(AmazonLogin.java:20)
at AutomationTests.AmazonLogin.quitbrowser(AmazonLogin.java:20)
at AutomationTests.AmazonLogin.quitbrowser(AmazonLogin.java:20)
at AutomationTests.AmazonLogin.quitbrowser(AmazonLogin.java:20)
at AutomationTests.AmazonLogin.quitbrowser(AmazonLogin.java:20)
at AutomationTests.AmazonLogin.quitbrowser(AmazonLogin.java:20)
at AutomationTests.AmazonLogin.quitbrowser(AmazonLogin.java:20)
at AutomationTests.AmazonLogin.quitbrowser(AmazonLogin.java:20)
at AutomationTests.AmazonLogin.quitbrowser(AmazonLogin.java:20)
at AutomationTests.AmazonLogin.quitbrowser(AmazonLogin.java:20)
at AutomationTests.AmazonLogin.quitbrowser(AmazonLogin.java:20)
at AutomationTests.AmazonLogin.quitbrowser(AmazonLogin.java:20)
at AutomationTests.AmazonLogin.quitbrowser(AmazonLogin.java:20)
at AutomationTests.AmazonLogin.quitbrowser(AmazonLogin.java:20)
at AutomationTests.AmazonLogin.quitbrowser(AmazonLogin.java:20)
at AutomationTests.AmazonLogin.quitbrowser(AmazonLogin.java:20)
at AutomationTests.AmazonLogin.quitbrowser(AmazonLogin.java:20)
at AutomationTests.AmazonLogin.quitbrowser(AmazonLogin.java:20)
at AutomationTests.AmazonLogin.quitbrowser(AmazonLogin.java:20)
at AutomationTests.AmazonLogin.quitbrowser(AmazonLogin.java:20)
at AutomationTests.AmazonLogin.quitbrowser(AmazonLogin.java:20)
at AutomationTests.AmazonLogin.quitbrowser(AmazonLogin.java:20)
at AutomationTests.AmazonLogin.quitbrowser(AmazonLogin.java:20)
at AutomationTests.AmazonLogin.quitbrowser(AmazonLogin.java:20)
at AutomationTests.AmazonLogin.quitbrowser(AmazonLogin.java:20)
at AutomationTests.AmazonLogin.quitbrowser(AmazonLogin.java:20)
at AutomationTests.AmazonLogin.quitbrowser(AmazonLogin.java:20)
at AutomationTests.AmazonLogin.quitbrowser(AmazonLogin.java:20)
at AutomationTests.AmazonLogin.quitbrowser(AmazonLogin.java:20)
at AutomationTests.AmazonLogin.quitbrowser(AmazonLogin.java:20)
at AutomationTests.AmazonLogin.quitbrowser(AmazonLogin.java:20)
at AutomationTests.AmazonLogin.quitbrowser(AmazonLogin.java:20)
at AutomationTests.AmazonLogin.quitbrowser(AmazonLogin.java:20)
at AutomationTests.AmazonLogin.quitbrowser(AmazonLogin.java:20)
at AutomationTests.AmazonLogin.quitbrowser(AmazonLogin.java:20)
at AutomationTests.AmazonLogin.quitbrowser(AmazonLogin.java:20)
at AutomationTests.AmazonLogin.quitbrowser(AmazonLogin.java:20)
at AutomationTests.AmazonLogin.quitbrowser(AmazonLogin.java:20)
at AutomationTests.AmazonLogin.quitbrowser(AmazonLogin.java:20)
at AutomationTests.AmazonLogin.quitbrowser(AmazonLogin.java:20)
at AutomationTests.AmazonLogin.quitbrowser(AmazonLogin.java:20)
at AutomationTests.AmazonLogin.quitbrowser(AmazonLogin.java:20)
at AutomationTests.AmazonLogin.quitbrowser(AmazonLogin.java:20)
at AutomationTests.AmazonLogin.quitbrowser(AmazonLogin.java:20)
at AutomationTests.AmazonLogin.quitbrowser(AmazonLogin.java:20)
at AutomationTests.AmazonLogin.quitbrowser(AmazonLogin.java:20)
at AutomationTests.AmazonLogin.quitbrowser(AmazonLogin.java:20)
at AutomationTests.AmazonLogin.quitbrowser(AmazonLogin.java:20)
at AutomationTests.AmazonLogin.quitbrowser(AmazonLogin.java:20)
at AutomationTests.AmazonLogin.quitbrowser(AmazonLogin.java:20)
at AutomationTests.AmazonLogin.quitbrowser(AmazonLogin.java:20)
at AutomationTests.AmazonLogin.quitbrowser(AmazonLogin.java:20)
at AutomationTests.AmazonLogin.quitbrowser(AmazonLogin.java:20)
at AutomationTests.AmazonLogin.quitbrowser(AmazonLogin.java:20)
at AutomationTests.AmazonLogin.quitbrowser(AmazonLogin.java:20)
at AutomationTests.AmazonLogin.quitbrowser(AmazonLogin.java:20)
at AutomationTests.AmazonLogin.quitbrowser(AmazonLogin.java:20)
at AutomationTests.AmazonLogin.quitbrowser(AmazonLogin.java:20)
at AutomationTests.AmazonLogin.quitbrowser(AmazonLogin.java:20)
at AutomationTests.AmazonLogin.quitbrowser(AmazonLogin.java:20)
at AutomationTests.AmazonLogin.quitbrowser(AmazonLogin.java:20)
at AutomationTests.AmazonLogin.quitbrowser(AmazonLogin.java:20)
at AutomationTests.AmazonLogin.quitbrowser(AmazonLogin.java:20)
at AutomationTests.AmazonLogin.quitbrowser(AmazonLogin.java:20)
at AutomationTests.AmazonLogin.quitbrowser(AmazonLogin.java:20)
at AutomationTests.AmazonLogin.quitbrowser(AmazonLogin.java:20)
at AutomationTests.AmazonLogin.quitbrowser(AmazonLogin.java:20)
at AutomationTests.AmazonLogin.quitbrowser(AmazonLogin.java:20)
at AutomationTests.AmazonLogin.quitbrowser(AmazonLogin.java:20)
at AutomationTests.AmazonLogin.quitbrowser(AmazonLogin.java:20)
at AutomationTests.AmazonLogin.quitbrowser(AmazonLogin.java:20)
at AutomationTests.AmazonLogin.quitbrowser(AmazonLogin.java:20)
at AutomationTests.AmazonLogin.quitbrowser(AmazonLogin.java:20)
at AutomationTests.AmazonLogin.quitbrowser(AmazonLogin.java:20)
at AutomationTests.AmazonLogin.quitbrowser(AmazonLogin.java:20)
at AutomationTests.AmazonLogin.quitbrowser(AmazonLogin.java:20)
at AutomationTests.AmazonLogin.quitbrowser(AmazonLogin.java:20)
at AutomationTests.AmazonLogin.quitbrowser(AmazonLogin.java:20)
at AutomationTests.AmazonLogin.quitbrowser(AmazonLogin.java:20)
at AutomationTests.AmazonLogin.quitbrowser(AmazonLogin.java:20)
at AutomationTests.AmazonLogin.quitbrowser(AmazonLogin.java:20)
at AutomationTests.AmazonLogin.quitbrowser(AmazonLogin.java:20)
at AutomationTests.AmazonLogin.quitbrowser(AmazonLogin.java:20)
at AutomationTests.AmazonLogin.quitbrowser(AmazonLogin.java:20)
at AutomationTests.AmazonLogin.quitbrowser(AmazonLogin.java:20)
at AutomationTests.AmazonLogin.quitbrowser(AmazonLogin.java:20)
at AutomationTests.AmazonLogin.quitbrowser(AmazonLogin.java:20)
at AutomationTests.AmazonLogin.quitbrowser(AmazonLogin.java:20)
at AutomationTests.AmazonLogin.quitbrowser(AmazonLogin.java:20)
at AutomationTests.AmazonLogin.quitbrowser(AmazonLogin.java:20)
at AutomationTests.AmazonLogin.quitbrowser(AmazonLogin.java:20)
at AutomationTests.AmazonLogin.quitbrowser(AmazonLogin.java:20)
at AutomationTests.AmazonLogin.quitbrowser(AmazonLogin.java:20)
at AutomationTests.AmazonLogin.quitbrowser(AmazonLogin.java:20)
at AutomationTests.AmazonLogin.quitbrowser(AmazonLogin.java:20)
at AutomationTests.AmazonLogin.quitbrowser(AmazonLogin.java:20)
at AutomationTests.AmazonLogin.quitbrowser(AmazonLogin.java:20)
at AutomationTests.AmazonLogin.quitbrowser(AmazonLogin.java:20)
at AutomationTests.AmazonLogin.quitbrowser(AmazonLogin.java:20)
at AutomationTests.AmazonLogin.quitbrowser(AmazonLogin.java:20)
at AutomationTests.AmazonLogin.quitbrowser(AmazonLogin.java:20)
at AutomationTests.AmazonLogin.quitbrowser(AmazonLogin.java:20)
at AutomationTests.AmazonLogin.quitbrowser(AmazonLogin.java:20)
at AutomationTests.AmazonLogin.quitbrowser(AmazonLogin.java:20)
at AutomationTests.AmazonLogin.quitbrowser(AmazonLogin.java:20)
at AutomationTests.AmazonLogin.quitbrowser(AmazonLogin.java:20)
at AutomationTests.AmazonLogin.quitbrowser(AmazonLogin.java:20)
at AutomationTests.AmazonLogin.quitbrowser(AmazonLogin.java:20)
at AutomationTests.AmazonLogin.quitbrowser(AmazonLogin.java:20)
at AutomationTests.AmazonLogin.quitbrowser(AmazonLogin.java:20)
at AutomationTests.AmazonLogin.quitbrowser(AmazonLogin.java:20)
at AutomationTests.AmazonLogin.quitbrowser(AmazonLogin.java:20)
at AutomationTests.AmazonLogin.quitbrowser(AmazonLogin.java:20)
at AutomationTests.AmazonLogin.quitbrowser(AmazonLogin.java:20)
at AutomationTests.AmazonLogin.quitbrowser(AmazonLogin.java:20)
at AutomationTests.AmazonLogin.quitbrowser(AmazonLogin.java:20)
at AutomationTests.AmazonLogin.quitbrowser(AmazonLogin.java:20)
at AutomationTests.AmazonLogin.quitbrowser(AmazonLogin.java:20)
at AutomationTests.AmazonLogin.quitbrowser(AmazonLogin.java:20)
at AutomationTests.AmazonLogin.quitbrowser(AmazonLogin.java:20)
at AutomationTests.AmazonLogin.quitbrowser(AmazonLogin.java:20)
at AutomationTests.AmazonLogin.quitbrowser(AmazonLogin.java:20)
at AutomationTests.AmazonLogin.quitbrowser(AmazonLogin.java:20)
at AutomationTests.AmazonLogin.quitbrowser(AmazonLogin.java:20)
at AutomationTests.AmazonLogin.quitbrowser(AmazonLogin.java:20)
at AutomationTests.AmazonLogin.quitbrowser(AmazonLogin.java:20)
at AutomationTests.AmazonLogin.quitbrowser(AmazonLogin.java:20)
at AutomationTests.AmazonLogin.quitbrowser(AmazonLogin.java:20)
at AutomationTests.AmazonLogin.quitbrowser(AmazonLogin.java:20)
at AutomationTests.AmazonLogin.quitbrowser(AmazonLogin.java:20)
at AutomationTests.AmazonLogin.quitbrowser(AmazonLogin.java:20)
at AutomationTests.AmazonLogin.quitbrowser(AmazonLogin.java:20)
at AutomationTests.AmazonLogin.quitbrowser(AmazonLogin.java:20)
at AutomationTests.AmazonLogin.quitbrowser(AmazonLogin.java:20)
at AutomationTests.AmazonLogin.quitbrowser(AmazonLogin.java:20)
at AutomationTests.AmazonLogin.quitbrowser(AmazonLogin.java:20)
at AutomationTests.AmazonLogin.quitbrowser(AmazonLogin.java:20)
at AutomationTests.AmazonLogin.quitbrowser(AmazonLogin.java:20)
at AutomationTests.AmazonLogin.quitbrowser(AmazonLogin.java:20)
at AutomationTests.AmazonLogin.quitbrowser(AmazonLogin.java:20)
at AutomationTests.AmazonLogin.quitbrowser(AmazonLogin.java:20)
at AutomationTests.AmazonLogin.quitbrowser(AmazonLogin.java:20)
at AutomationTests.AmazonLogin.quitbrowser(AmazonLogin.java:20)
at AutomationTests.AmazonLogin.quitbrowser(AmazonLogin.java:20)
at AutomationTests.AmazonLogin.quitbrowser(AmazonLogin.java:20)
at AutomationTests.AmazonLogin.quitbrowser(AmazonLogin.java:20)
at AutomationTests.AmazonLogin.quitbrowser(AmazonLogin.java:20)
at AutomationTests.AmazonLogin.quitbrowser(AmazonLogin.java:20)
at AutomationTests.AmazonLogin.quitbrowser(AmazonLogin.java:20)
at AutomationTests.AmazonLogin.quitbrowser(AmazonLogin.java:20)
at AutomationTests.AmazonLogin.quitbrowser(AmazonLogin.java:20)
at AutomationTests.AmazonLogin.quitbrowser(AmazonLogin.java:20)
at AutomationTests.AmazonLogin.quitbrowser(AmazonLogin.java:20)
at AutomationTests.AmazonLogin.quitbrowser(AmazonLogin.java:20)
at AutomationTests.AmazonLogin.quitbrowser(AmazonLogin.java:20)
at AutomationTests.AmazonLogin.quitbrowser(AmazonLogin.java:20)
at AutomationTests.AmazonLogin.quitbrowser(AmazonLogin.java:20)
at AutomationTests.AmazonLogin.quitbrowser(AmazonLogin.java:20)
at AutomationTests.AmazonLogin.quitbrowser(AmazonLogin.java:20)
at AutomationTests.AmazonLogin.quitbrowser(AmazonLogin.java:20)
at AutomationTests.AmazonLogin.quitbrowser(AmazonLogin.java:20)
at AutomationTests.AmazonLogin.quitbrowser(AmazonLogin.java:20)
at AutomationTests.AmazonLogin.quitbrowser(AmazonLogin.java:20)
at AutomationTests.AmazonLogin.quitbrowser(AmazonLogin.java:20)
at AutomationTests.AmazonLogin.quitbrowser(AmazonLogin.java:20)
at AutomationTests.AmazonLogin.quitbrowser(AmazonLogin.java:20)
at AutomationTests.AmazonLogin.quitbrowser(AmazonLogin.java:20)
at AutomationTests.AmazonLogin.quitbrowser(AmazonLogin.java:20)
at AutomationTests.AmazonLogin.quitbrowser(AmazonLogin.java:20)
at AutomationTests.AmazonLogin.quitbrowser(AmazonLogin.java:20)
at AutomationTests.AmazonLogin.quitbrowser(AmazonLogin.java:20)
at AutomationTests.AmazonLogin.quitbrowser(AmazonLogin.java:20)
at AutomationTests.AmazonLogin.quitbrowser(AmazonLogin.java:20)
at AutomationTests.AmazonLogin.quitbrowser(AmazonLogin.java:20)
at AutomationTests.AmazonLogin.quitbrowser(AmazonLogin.java:20)
at AutomationTests.AmazonLogin.quitbrowser(AmazonLogin.java:20)
at AutomationTests.AmazonLogin.quitbrowser(AmazonLogin.java:20)
at AutomationTests.AmazonLogin.quitbrowser(AmazonLogin.java:20)
at AutomationTests.AmazonLogin.quitbrowser(AmazonLogin.java:20)
at AutomationTests.AmazonLogin.quitbrowser(AmazonLogin.java:20)
at AutomationTests.AmazonLogin.quitbrowser(AmazonLogin.java:20)
at AutomationTests.AmazonLogin.quitbrowser(AmazonLogin.java:20)
at AutomationTests.AmazonLogin.quitbrowser(AmazonLogin.java:20)
at AutomationTests.AmazonLogin.quitbrowser(AmazonLogin.java:20)
at AutomationTests.AmazonLogin.quitbrowser(AmazonLogin.java:20)
at AutomationTests.AmazonLogin.quitbrowser(AmazonLogin.java:20)
at AutomationTests.AmazonLogin.quitbrowser(AmazonLogin.java:20)
at AutomationTests.AmazonLogin.quitbrowser(AmazonLogin.java:20)
at AutomationTests.AmazonLogin.quitbrowser(AmazonLogin.java:20)
at AutomationTests.AmazonLogin.quitbrowser(AmazonLogin.java:20)
at AutomationTests.AmazonLogin.quitbrowser(AmazonLogin.java:20)
at AutomationTests.AmazonLogin.quitbrowser(AmazonLogin.java:20)
at AutomationTests.AmazonLogin.quitbrowser(AmazonLogin.java:20)
at AutomationTests.AmazonLogin.quitbrowser(AmazonLogin.java:20)
at AutomationTests.AmazonLogin.quitbrowser(AmazonLogin.java:20)
at AutomationTests.AmazonLogin.quitbrowser(AmazonLogin.java:20)
at AutomationTests.AmazonLogin.quitbrowser(AmazonLogin.java:20)
at AutomationTests.AmazonLogin.quitbrowser(AmazonLogin.java:20)
at AutomationTests.AmazonLogin.quitbrowser(AmazonLogin.java:20)
at AutomationTests.AmazonLogin.quitbrowser(AmazonLogin.java:20)
at AutomationTests.AmazonLogin.quitbrowser(AmazonLogin.java:20)
at AutomationTests.AmazonLogin.quitbrowser(AmazonLogin.java:20)
at AutomationTests.AmazonLogin.quitbrowser(AmazonLogin.java:20)
at AutomationTests.AmazonLogin.quitbrowser(AmazonLogin.java:20)
at AutomationTests.AmazonLogin.quitbrowser(AmazonLogin.java:20)
at AutomationTests.AmazonLogin.quitbrowser(AmazonLogin.java:20)
at AutomationTests.AmazonLogin.quitbrowser(AmazonLogin.java:20)
at AutomationTests.AmazonLogin.quitbrowser(AmazonLogin.java:20)
at AutomationTests.AmazonLogin.quitbrowser(AmazonLogin.java:20)
at AutomationTests.AmazonLogin.quitbrowser(AmazonLogin.java:20)
at AutomationTests.AmazonLogin.quitbrowser(AmazonLogin.java:20)
at AutomationTests.AmazonLogin.quitbrowser(AmazonLogin.java:20)
at AutomationTests.AmazonLogin.quitbrowser(AmazonLogin.java:20)
at AutomationTests.AmazonLogin.quitbrowser(AmazonLogin.java:20)
at AutomationTests.AmazonLogin.quitbrowser(AmazonLogin.java:20)
at AutomationTests.AmazonLogin.quitbrowser(AmazonLogin.java:20)
at AutomationTests.AmazonLogin.quitbrowser(AmazonLogin.java:20)
at AutomationTests.AmazonLogin.quitbrowser(AmazonLogin.java:20)
at AutomationTests.AmazonLogin.quitbrowser(AmazonLogin.java:20)
at AutomationTests.AmazonLogin.quitbrowser(AmazonLogin.java:20)
at AutomationTests.AmazonLogin.quitbrowser(AmazonLogin.java:20)
at AutomationTests.AmazonLogin.quitbrowser(AmazonLogin.java:20)
at AutomationTests.AmazonLogin.quitbrowser(AmazonLogin.java:20)
at AutomationTests.AmazonLogin.quitbrowser(AmazonLogin.java:20)
at AutomationTests.AmazonLogin.quitbrowser(AmazonLogin.java:20)
at AutomationTests.AmazonLogin.quitbrowser(AmazonLogin.java:20)
at AutomationTests.AmazonLogin.quitbrowser(AmazonLogin.java:20)
at AutomationTests.AmazonLogin.quitbrowser(AmazonLogin.java:20)
at AutomationTests.AmazonLogin.quitbrowser(AmazonLogin.java:20)
at AutomationTests.AmazonLogin.quitbrowser(AmazonLogin.java:20)
at AutomationTests.AmazonLogin.quitbrowser(AmazonLogin.java:20)
at AutomationTests.AmazonLogin.quitbrowser(AmazonLogin.java:20)
at AutomationTests.AmazonLogin.quitbrowser(AmazonLogin.java:20)
at AutomationTests.AmazonLogin.quitbrowser(AmazonLogin.java:20)
at AutomationTests.AmazonLogin.quitbrowser(AmazonLogin.java:20)
at AutomationTests.AmazonLogin.quitbrowser(AmazonLogin.java:20)
at AutomationTests.AmazonLogin.quitbrowser(AmazonLogin.java:20)
at AutomationTests.AmazonLogin.quitbrowser(AmazonLogin.java:20)
at AutomationTests.AmazonLogin.quitbrowser(AmazonLogin.java:20)
at AutomationTests.AmazonLogin.quitbrowser(AmazonLogin.java:20)
at AutomationTests.AmazonLogin.quitbrowser(AmazonLogin.java:20)
at AutomationTests.AmazonLogin.quitbrowser(AmazonLogin.java:20)
at AutomationTests.AmazonLogin.quitbrowser(AmazonLogin.java:20)
at AutomationTests.AmazonLogin.quitbrowser(AmazonLogin.java:20)
at AutomationTests.AmazonLogin.quitbrowser(AmazonLogin.java:20)
at AutomationTests.AmazonLogin.quitbrowser(AmazonLogin.java:20)
at AutomationTests.AmazonLogin.quitbrowser(AmazonLogin.java:20)
at AutomationTests.AmazonLogin.quitbrowser(AmazonLogin.java:20)
at AutomationTests.AmazonLogin.quitbrowser(AmazonLogin.java:20)
at AutomationTests.AmazonLogin.quitbrowser(AmazonLogin.java:20)
at AutomationTests.AmazonLogin.quitbrowser(AmazonLogin.java:20)
at AutomationTests.AmazonLogin.quitbrowser(AmazonLogin.java:20)
at AutomationTests.AmazonLogin.quitbrowser(AmazonLogin.java:20)
at AutomationTests.AmazonLogin.quitbrowser(AmazonLogin.java:20)
at AutomationTests.AmazonLogin.quitbrowser(AmazonLogin.java:20)
at AutomationTests.AmazonLogin.quitbrowser(AmazonLogin.java:20)
at AutomationTests.AmazonLogin.quitbrowser(AmazonLogin.java:20)
at AutomationTests.AmazonLogin.quitbrowser(AmazonLogin.java:20)
at AutomationTests.AmazonLogin.quitbrowser(AmazonLogin.java:20)
at AutomationTests.AmazonLogin.quitbrowser(AmazonLogin.java:20)
at AutomationTests.AmazonLogin.quitbrowser(AmazonLogin.java:20)
at AutomationTests.AmazonLogin.quitbrowser(AmazonLogin.java:20)
at AutomationTests.AmazonLogin.quitbrowser(AmazonLogin.java:20)
at AutomationTests.AmazonLogin.quitbrowser(AmazonLogin.java:20)
at AutomationTests.AmazonLogin.quitbrowser(AmazonLogin.java:20)
at AutomationTests.AmazonLogin.quitbrowser(AmazonLogin.java:20)
at AutomationTests.AmazonLogin.quitbrowser(AmazonLogin.java:20)
at AutomationTests.AmazonLogin.quitbrowser(AmazonLogin.java:20)
at AutomationTests.AmazonLogin.quitbrowser(AmazonLogin.java:20)
at AutomationTests.AmazonLogin.quitbrowser(AmazonLogin.java:20)
at AutomationTests.AmazonLogin.quitbrowser(AmazonLogin.java:20)
at AutomationTests.AmazonLogin.quitbrowser(AmazonLogin.java:20)
at AutomationTests.AmazonLogin.quitbrowser(AmazonLogin.java:20)
at AutomationTests.AmazonLogin.quitbrowser(AmazonLogin.java:20)
at AutomationTests.AmazonLogin.quitbrowser(AmazonLogin.java:20)
at AutomationTests.AmazonLogin.quitbrowser(AmazonLogin.java:20)
at AutomationTests.AmazonLogin.quitbrowser(AmazonLogin.java:20)
at AutomationTests.AmazonLogin.quitbrowser(AmazonLogin.java:20)
at AutomationTests.AmazonLogin.quitbrowser(AmazonLogin.java:20)
at AutomationTests.AmazonLogin.quitbrowser(AmazonLogin.java:20)
at AutomationTests.AmazonLogin.quitbrowser(AmazonLogin.java:20)
at AutomationTests.AmazonLogin.quitbrowser(AmazonLogin.java:20)
at AutomationTests.AmazonLogin.quitbrowser(AmazonLogin.java:20)
at AutomationTests.AmazonLogin.quitbrowser(AmazonLogin.java:20)
at AutomationTests.AmazonLogin.quitbrowser(AmazonLogin.java:20)
at AutomationTests.AmazonLogin.quitbrowser(AmazonLogin.java:20)
at AutomationTests.AmazonLogin.quitbrowser(AmazonLogin.java:20)
at AutomationTests.AmazonLogin.quitbrowser(AmazonLogin.java:20)
at AutomationTests.AmazonLogin.quitbrowser(AmazonLogin.java:20)
at AutomationTests.AmazonLogin.quitbrowser(AmazonLogin.java:20)
at AutomationTests.AmazonLogin.quitbrowser(AmazonLogin.java:20)
at AutomationTests.AmazonLogin.quitbrowser(AmazonLogin.java:20)
at AutomationTests.AmazonLogin.quitbrowser(AmazonLogin.java:20)
at AutomationTests.AmazonLogin.quitbrowser(AmazonLogin.java:20)
at AutomationTests.AmazonLogin.quitbrowser(AmazonLogin.java:20)
at AutomationTests.AmazonLogin.quitbrowser(AmazonLogin.java:20)
at AutomationTests.AmazonLogin.quitbrowser(AmazonLogin.java:20)
at AutomationTests.AmazonLogin.quitbrowser(AmazonLogin.java:20)
at AutomationTests.AmazonLogin.quitbrowser(AmazonLogin.java:20)
at AutomationTests.AmazonLogin.quitbrowser(AmazonLogin.java:20)
at AutomationTests.AmazonLogin.quitbrowser(AmazonLogin.java:20)
at AutomationTests.AmazonLogin.quitbrowser(AmazonLogin.java:20)
at AutomationTests.AmazonLogin.quitbrowser(AmazonLogin.java:20)
at AutomationTests.AmazonLogin.quitbrowser(AmazonLogin.java:20)
at AutomationTests.AmazonLogin.quitbrowser(AmazonLogin.java:20)
at AutomationTests.AmazonLogin.quitbrowser(AmazonLogin.java:20)
at AutomationTests.AmazonLogin.quitbrowser(AmazonLogin.java:20)
at AutomationTests.AmazonLogin.quitbrowser(AmazonLogin.java:20)
at AutomationTests.AmazonLogin.quitbrowser(AmazonLogin.java:20)
at AutomationTests.AmazonLogin.quitbrowser(AmazonLogin.java:20)
at AutomationTests.AmazonLogin.quitbrowser(AmazonLogin.java:20)
at AutomationTests.AmazonLogin.quitbrowser(AmazonLogin.java:20)
at AutomationTests.AmazonLogin.quitbrowser(AmazonLogin.java:20)
at AutomationTests.AmazonLogin.quitbrowser(AmazonLogin.java:20)
at AutomationTests.AmazonLogin.quitbrowser(AmazonLogin.java:20)
at AutomationTests.AmazonLogin.quitbrowser(AmazonLogin.java:20)
at AutomationTests.AmazonLogin.quitbrowser(AmazonLogin.java:20)
at AutomationTests.AmazonLogin.quitbrowser(AmazonLogin.java:20)
at AutomationTests.AmazonLogin.quitbrowser(AmazonLogin.java:20)
at AutomationTests.AmazonLogin.quitbrowser(AmazonLogin.java:20)
at AutomationTests.AmazonLogin.quitbrowser(AmazonLogin.java:20)
at AutomationTests.AmazonLogin.quitbrowser(AmazonLogin.java:20)
at AutomationTests.AmazonLogin.quitbrowser(AmazonLogin.java:20)
at AutomationTests.AmazonLogin.quitbrowser(AmazonLogin.java:20)
at AutomationTests.AmazonLogin.quitbrowser(AmazonLogin.java:20)
at AutomationTests.AmazonLogin.quitbrowser(AmazonLogin.java:20)
at AutomationTests.AmazonLogin.quitbrowser(AmazonLogin.java:20)
at AutomationTests.AmazonLogin.quitbrowser(AmazonLogin.java:20)
at AutomationTests.AmazonLogin.quitbrowser(AmazonLogin.java:20)
at AutomationTests.AmazonLogin.quitbrowser(AmazonLogin.java:20)
at AutomationTests.AmazonLogin.quitbrowser(AmazonLogin.java:20)
at AutomationTests.AmazonLogin.quitbrowser(AmazonLogin.java:20)
at AutomationTests.AmazonLogin.quitbrowser(AmazonLogin.java:20)
at AutomationTests.AmazonLogin.quitbrowser(AmazonLogin.java:20)
at AutomationTests.AmazonLogin.quitbrowser(AmazonLogin.java:20)
at AutomationTests.AmazonLogin.quitbrowser(AmazonLogin.java:20)
at AutomationTests.AmazonLogin.quitbrowser(AmazonLogin.java:20)
at AutomationTests.AmazonLogin.quitbrowser(AmazonLogin.java:20)
at AutomationTests.AmazonLogin.quitbrowser(AmazonLogin.java:20)
at AutomationTests.AmazonLogin.quitbrowser(AmazonLogin.java:20)
at AutomationTests.AmazonLogin.quitbrowser(AmazonLogin.java:20)
at AutomationTests.AmazonLogin.quitbrowser(AmazonLogin.java:20)
at AutomationTests.AmazonLogin.quitbrowser(AmazonLogin.java:20)
at AutomationTests.AmazonLogin.quitbrowser(AmazonLogin.java:20)
at AutomationTests.AmazonLogin.quitbrowser(AmazonLogin.java:20)
at AutomationTests.AmazonLogin.quitbrowser(AmazonLogin.java:20)
at AutomationTests.AmazonLogin.quitbrowser(AmazonLogin.java:20)
at AutomationTests.AmazonLogin.quitbrowser(AmazonLogin.java:20)
at AutomationTests.AmazonLogin.quitbrowser(AmazonLogin.java:20)
at AutomationTests.AmazonLogin.quitbrowser(AmazonLogin.java:20)
at AutomationTests.AmazonLogin.quitbrowser(AmazonLogin.java:20)
at AutomationTests.AmazonLogin.quitbrowser(AmazonLogin.java:20)
at AutomationTests.AmazonLogin.quitbrowser(AmazonLogin.java:20)
at AutomationTests.AmazonLogin.quitbrowser(AmazonLogin.java:20)
at AutomationTests.AmazonLogin.quitbrowser(AmazonLogin.java:20)
at AutomationTests.AmazonLogin.quitbrowser(AmazonLogin.java:20)
at AutomationTests.AmazonLogin.quitbrowser(AmazonLogin.java:20)
at AutomationTests.AmazonLogin.quitbrowser(AmazonLogin.java:20)
at AutomationTests.AmazonLogin.quitbrowser(AmazonLogin.java:20)
at AutomationTests.AmazonLogin.quitbrowser(AmazonLogin.java:20)
at AutomationTests.AmazonLogin.quitbrowser(AmazonLogin.java:20)
at AutomationTests.AmazonLogin.quitbrowser(AmazonLogin.java:20)
at AutomationTests.AmazonLogin.quitbrowser(AmazonLogin.java:20)
at AutomationTests.AmazonLogin.quitbrowser(AmazonLogin.java:20)
at AutomationTests.AmazonLogin.quitbrowser(AmazonLogin.java:20)
at AutomationTests.AmazonLogin.quitbrowser(AmazonLogin.java:20)
at AutomationTests.AmazonLogin.quitbrowser(AmazonLogin.java:20)
at AutomationTests.AmazonLogin.quitbrowser(AmazonLogin.java:20)
at AutomationTests.AmazonLogin.quitbrowser(AmazonLogin.java:20)
at AutomationTests.AmazonLogin.quitbrowser(AmazonLogin.java:20)
at AutomationTests.AmazonLogin.quitbrowser(AmazonLogin.java:20)
at AutomationTests.AmazonLogin.quitbrowser(AmazonLogin.java:20)
at AutomationTests.AmazonLogin.quitbrowser(AmazonLogin.java:20)
at AutomationTests.AmazonLogin.quitbrowser(AmazonLogin.java:20)
at AutomationTests.AmazonLogin.quitbrowser(AmazonLogin.java:20)
at AutomationTests.AmazonLogin.quitbrowser(AmazonLogin.java:20)
at AutomationTests.AmazonLogin.quitbrowser(AmazonLogin.java:20)
at AutomationTests.AmazonLogin.quitbrowser(AmazonLogin.java:20)
at AutomationTests.AmazonLogin.quitbrowser(AmazonLogin.java:20)
at AutomationTests.AmazonLogin.quitbrowser(AmazonLogin.java:20)
at AutomationTests.AmazonLogin.quitbrowser(AmazonLogin.java:20)
at AutomationTests.AmazonLogin.quitbrowser(AmazonLogin.java:20)
at AutomationTests.AmazonLogin.quitbrowser(AmazonLogin.java:20)
at AutomationTests.AmazonLogin.quitbrowser(AmazonLogin.java:20)
at AutomationTests.AmazonLogin.quitbrowser(AmazonLogin.java:20)
at AutomationTests.AmazonLogin.quitbrowser(AmazonLogin.java:20)
at AutomationTests.AmazonLogin.quitbrowser(AmazonLogin.java:20)
at AutomationTests.AmazonLogin.quitbrowser(AmazonLogin.java:20)
at AutomationTests.AmazonLogin.quitbrowser(AmazonLogin.java:20)
at AutomationTests.AmazonLogin.quitbrowser(AmazonLogin.java:20)
at AutomationTests.AmazonLogin.quitbrowser(AmazonLogin.java:20)
at AutomationTests.AmazonLogin.quitbrowser(AmazonLogin.java:20)
at AutomationTests.AmazonLogin.quitbrowser(AmazonLogin.java:20)
at AutomationTests.AmazonLogin.quitbrowser(AmazonLogin.java:20)
at AutomationTests.AmazonLogin.quitbrowser(AmazonLogin.java:20)
at AutomationTests.AmazonLogin.quitbrowser(AmazonLogin.java:20)
at AutomationTests.AmazonLogin.quitbrowser(AmazonLogin.java:20)
at AutomationTests.AmazonLogin.quitbrowser(AmazonLogin.java:20)
at AutomationTests.AmazonLogin.quitbrowser(AmazonLogin.java:20)
at AutomationTests.AmazonLogin.quitbrowser(AmazonLogin.java:20)
at AutomationTests.AmazonLogin.quitbrowser(AmazonLogin.java:20)
at AutomationTests.AmazonLogin.quitbrowser(AmazonLogin.java:20)
at AutomationTests.AmazonLogin.quitbrowser(AmazonLogin.java:20)
at AutomationTests.AmazonLogin.quitbrowser(AmazonLogin.java:20)
at AutomationTests.AmazonLogin.quitbrowser(AmazonLogin.java:20)
at AutomationTests.AmazonLogin.quitbrowser(AmazonLogin.java:20)
at AutomationTests.AmazonLogin.quitbrowser(AmazonLogin.java:20)
at AutomationTests.AmazonLogin.quitbrowser(AmazonLogin.java:20)
at AutomationTests.AmazonLogin.quitbrowser(AmazonLogin.java:20)
at AutomationTests.AmazonLogin.quitbrowser(AmazonLogin.java:20)
at AutomationTests.AmazonLogin.quitbrowser(AmazonLogin.java:20)
at AutomationTests.AmazonLogin.quitbrowser(AmazonLogin.java:20)
at AutomationTests.AmazonLogin.quitbrowser(AmazonLogin.java:20)
at AutomationTests.AmazonLogin.quitbrowser(AmazonLogin.java:20)
at AutomationTests.AmazonLogin.quitbrowser(AmazonLogin.java:20)
at AutomationTests.AmazonLogin.quitbrowser(AmazonLogin.java:20)
at AutomationTests.AmazonLogin.quitbrowser(AmazonLogin.java:20)
at AutomationTests.AmazonLogin.quitbrowser(AmazonLogin.java:20)
at AutomationTests.AmazonLogin.quitbrowser(AmazonLogin.java:20)
at AutomationTests.AmazonLogin.quitbrowser(AmazonLogin.java:20)
at AutomationTests.AmazonLogin.quitbrowser(AmazonLogin.java:20)
at AutomationTests.AmazonLogin.quitbrowser(AmazonLogin.java:20)
at AutomationTests.AmazonLogin.quitbrowser(AmazonLogin.java:20)
at AutomationTests.AmazonLogin.quitbrowser(AmazonLogin.java:20)
at AutomationTests.AmazonLogin.quitbrowser(AmazonLogin.java:20)
at AutomationTests.AmazonLogin.quitbrowser(AmazonLogin.java:20)
at AutomationTests.AmazonLogin.quitbrowser(AmazonLogin.java:20)
at AutomationTests.AmazonLogin.quitbrowser(AmazonLogin.java:20)
at AutomationTests.AmazonLogin.quitbrowser(AmazonLogin.java:20)
at AutomationTests.AmazonLogin.quitbrowser(AmazonLogin.java:20)
at AutomationTests.AmazonLogin.quitbrowser(AmazonLogin.java:20)
at AutomationTests.AmazonLogin.quitbrowser(AmazonLogin.java:20)
at AutomationTests.AmazonLogin.quitbrowser(AmazonLogin.java:20)
at AutomationTests.AmazonLogin.quitbrowser(AmazonLogin.java:20)
at AutomationTests.AmazonLogin.quitbrowser(AmazonLogin.java:20)
at AutomationTests.AmazonLogin.quitbrowser(AmazonLogin.java:20)
at AutomationTests.AmazonLogin.quitbrowser(AmazonLogin.java:20)
at AutomationTests.AmazonLogin.quitbrowser(AmazonLogin.java:20)
at AutomationTests.AmazonLogin.quitbrowser(AmazonLogin.java:20)
at AutomationTests.AmazonLogin.quitbrowser(AmazonLogin.java:20)
at AutomationTests.AmazonLogin.quitbrowser(AmazonLogin.java:20)
at AutomationTests.AmazonLogin.quitbrowser(AmazonLogin.java:20)
at AutomationTests.AmazonLogin.quitbrowser(AmazonLogin.java:20)
at AutomationTests.AmazonLogin.quitbrowser(AmazonLogin.java:20)
at AutomationTests.AmazonLogin.quitbrowser(AmazonLogin.java:20)
at AutomationTests.AmazonLogin.quitbrowser(AmazonLogin.java:20)
at AutomationTests.AmazonLogin.quitbrowser(AmazonLogin.java:20)
at AutomationTests.AmazonLogin.quitbrowser(AmazonLogin.java:20)
at AutomationTests.AmazonLogin.quitbrowser(AmazonLogin.java:20)
at AutomationTests.AmazonLogin.quitbrowser(AmazonLogin.java:20)
at AutomationTests.AmazonLogin.quitbrowser(AmazonLogin.java:20)
at AutomationTests.AmazonLogin.quitbrowser(AmazonLogin.java:20)
at AutomationTests.AmazonLogin.quitbrowser(AmazonLogin.java:20)
at AutomationTests.AmazonLogin.quitbrowser(AmazonLogin.java:20)
at AutomationTests.AmazonLogin.quitbrowser(AmazonLogin.java:20)
at AutomationTests.AmazonLogin.quitbrowser(AmazonLogin.java:20)
at AutomationTests.AmazonLogin.quitbrowser(AmazonLogin.java:20)
at AutomationTests.AmazonLogin.quitbrowser(AmazonLogin.java:20)
at AutomationTests.AmazonLogin.quitbrowser(AmazonLogin.java:20)
at AutomationTests.AmazonLogin.quitbrowser(AmazonLogin.java:20)
at AutomationTests.AmazonLogin.quitbrowser(AmazonLogin.java:20)
at AutomationTests.AmazonLogin.quitbrowser(AmazonLogin.java:20)
at AutomationTests.AmazonLogin.quitbrowser(AmazonLogin.java:20)
at AutomationTests.AmazonLogin.quitbrowser(AmazonLogin.java:20)
at AutomationTests.AmazonLogin.quitbrowser(AmazonLogin.java:20)
at AutomationTests.AmazonLogin.quitbrowser(AmazonLogin.java:20)
at AutomationTests.AmazonLogin.quitbrowser(AmazonLogin.java:20)
at AutomationTests.AmazonLogin.quitbrowser(AmazonLogin.java:20)
at AutomationTests.AmazonLogin.quitbrowser(AmazonLogin.java:20)
at AutomationTests.AmazonLogin.quitbrowser(AmazonLogin.java:20)
at AutomationTests.AmazonLogin.quitbrowser(AmazonLogin.java:20)
at AutomationTests.AmazonLogin.quitbrowser(AmazonLogin.java:20)
at AutomationTests.AmazonLogin.quitbrowser(AmazonLogin.java:20)
at AutomationTests.AmazonLogin.quitbrowser(AmazonLogin.java:20)
at AutomationTests.AmazonLogin.quitbrowser(AmazonLogin.java:20)
at AutomationTests.AmazonLogin.quitbrowser(AmazonLogin.java:20)
at AutomationTests.AmazonLogin.quitbrowser(AmazonLogin.java:20)
at AutomationTests.AmazonLogin.quitbrowser(AmazonLogin.java:20)
at AutomationTests.AmazonLogin.quitbrowser(AmazonLogin.java:20)
at AutomationTests.AmazonLogin.quitbrowser(AmazonLogin.java:20)
at AutomationTests.AmazonLogin.quitbrowser(AmazonLogin.java:20)
at AutomationTests.AmazonLogin.quitbrowser(AmazonLogin.java:20)
at AutomationTests.AmazonLogin.quitbrowser(AmazonLogin.java:20)
at AutomationTests.AmazonLogin.quitbrowser(AmazonLogin.java:20)
at AutomationTests.AmazonLogin.quitbrowser(AmazonLogin.java:20)
at AutomationTests.AmazonLogin.quitbrowser(AmazonLogin.java:20)
at AutomationTests.AmazonLogin.quitbrowser(AmazonLogin.java:20)
at AutomationTests.AmazonLogin.quitbrowser(AmazonLogin.java:20)
at AutomationTests.AmazonLogin.quitbrowser(AmazonLogin.java:20)
at AutomationTests.AmazonLogin.quitbrowser(AmazonLogin.java:20)
at AutomationTests.AmazonLogin.quitbrowser(AmazonLogin.java:20)
at AutomationTests.AmazonLogin.quitbrowser(AmazonLogin.java:20)
at AutomationTests.AmazonLogin.quitbrowser(AmazonLogin.java:20)
at AutomationTests.AmazonLogin.quitbrowser(AmazonLogin.java:20)
at AutomationTests.AmazonLogin.quitbrowser(AmazonLogin.java:20)
at AutomationTests.AmazonLogin.quitbrowser(AmazonLogin.java:20)
at AutomationTests.AmazonLogin.quitbrowser(AmazonLogin.java:20)
at AutomationTests.AmazonLogin.quitbrowser(AmazonLogin.java:20)
at AutomationTests.AmazonLogin.quitbrowser(AmazonLogin.java:20)
at AutomationTests.AmazonLogin.quitbrowser(AmazonLogin.java:20)
at AutomationTests.AmazonLogin.quitbrowser(AmazonLogin.java:20)
at AutomationTests.AmazonLogin.quitbrowser(AmazonLogin.java:20)
at AutomationTests.AmazonLogin.quitbrowser(AmazonLogin.java:20)
at AutomationTests.AmazonLogin.quitbrowser(AmazonLogin.java:20)
at AutomationTests.AmazonLogin.quitbrowser(AmazonLogin.java:20)
at AutomationTests.AmazonLogin.quitbrowser(AmazonLogin.java:20)
at AutomationTests.AmazonLogin.quitbrowser(AmazonLogin.java:20)
at AutomationTests.AmazonLogin.quitbrowser(AmazonLogin.java:20)
at AutomationTests.AmazonLogin.quitbrowser(AmazonLogin.java:20)
at AutomationTests.AmazonLogin.quitbrowser(AmazonLogin.java:20)
at AutomationTests.AmazonLogin.quitbrowser(AmazonLogin.java:20)
at AutomationTests.AmazonLogin.quitbrowser(AmazonLogin.java:20)
at AutomationTests.AmazonLogin.quitbrowser(AmazonLogin.java:20)
at AutomationTests.AmazonLogin.quitbrowser(AmazonLogin.java:20)
at AutomationTests.AmazonLogin.quitbrowser(AmazonLogin.java:20)
at AutomationTests.AmazonLogin.quitbrowser(AmazonLogin.java:20)
at AutomationTests.AmazonLogin.quitbrowser(AmazonLogin.java:20)
at AutomationTests.AmazonLogin.quitbrowser(AmazonLogin.java:20)
at AutomationTests.AmazonLogin.quitbrowser(AmazonLogin.java:20)
at AutomationTests.AmazonLogin.quitbrowser(AmazonLogin.java:20)
at AutomationTests.AmazonLogin.quitbrowser(AmazonLogin.java:20)
at AutomationTests.AmazonLogin.quitbrowser(AmazonLogin.java:20)
at AutomationTests.AmazonLogin.quitbrowser(AmazonLogin.java:20)
at AutomationTests.AmazonLogin.quitbrowser(AmazonLogin.java:20)
at AutomationTests.AmazonLogin.quitbrowser(AmazonLogin.java:20)
at AutomationTests.AmazonLogin.quitbrowser(AmazonLogin.java:20)
at AutomationTests.AmazonLogin.quitbrowser(AmazonLogin.java:20)
at AutomationTests.AmazonLogin.quitbrowser(AmazonLogin.java:20)
at AutomationTests.AmazonLogin.quitbrowser(AmazonLogin.java:20)
at AutomationTests.AmazonLogin.quitbrowser(AmazonLogin.java:20)
at AutomationTests.AmazonLogin.quitbrowser(AmazonLogin.java:20)
at AutomationTests.AmazonLogin.quitbrowser(AmazonLogin.java:20)
at AutomationTests.AmazonLogin.quitbrowser(AmazonLogin.java:20)
at AutomationTests.AmazonLogin.quitbrowser(AmazonLogin.java:20)
at AutomationTests.AmazonLogin.quitbrowser(AmazonLogin.java:20)
at AutomationTests.AmazonLogin.quitbrowser(AmazonLogin.java:20)
at AutomationTests.AmazonLogin.quitbrowser(AmazonLogin.java:20)
at AutomationTests.AmazonLogin.quitbrowser(AmazonLogin.java:20)
at AutomationTests.AmazonLogin.quitbrowser(AmazonLogin.java:20)
at AutomationTests.AmazonLogin.quitbrowser(AmazonLogin.java:20)
at AutomationTests.AmazonLogin.quitbrowser(AmazonLogin.java:20)
at AutomationTests.AmazonLogin.quitbrowser(AmazonLogin.java:20)
at AutomationTests.AmazonLogin.quitbrowser(AmazonLogin.java:20)
at AutomationTests.AmazonLogin.quitbrowser(AmazonLogin.java:20)
at AutomationTests.AmazonLogin.quitbrowser(AmazonLogin.java:20)
at AutomationTests.AmazonLogin.quitbrowser(AmazonLogin.java:20)
at AutomationTests.AmazonLogin.quitbrowser(AmazonLogin.java:20)
at AutomationTests.AmazonLogin.quitbrowser(AmazonLogin.java:20)
at AutomationTests.AmazonLogin.quitbrowser(AmazonLogin.java:20)
at AutomationTests.AmazonLogin.quitbrowser(AmazonLogin.java:20)
at AutomationTests.AmazonLogin.quitbrowser(AmazonLogin.java:20)
at AutomationTests.AmazonLogin.quitbrowser(AmazonLogin.java:20)
at AutomationTests.AmazonLogin.quitbrowser(AmazonLogin.java:20)
at AutomationTests.AmazonLogin.quitbrowser(AmazonLogin.java:20)
at AutomationTests.AmazonLogin.quitbrowser(AmazonLogin.java:20)
at AutomationTests.AmazonLogin.quitbrowser(AmazonLogin.java:20)
at AutomationTests.AmazonLogin.quitbrowser(AmazonLogin.java:20)
at AutomationTests.AmazonLogin.quitbrowser(AmazonLogin.java:20)
at AutomationTests.AmazonLogin.quitbrowser(AmazonLogin.java:20)
at AutomationTests.AmazonLogin.quitbrowser(AmazonLogin.java:20)
at AutomationTests.AmazonLogin.quitbrowser(AmazonLogin.java:20)
at AutomationTests.AmazonLogin.quitbrowser(AmazonLogin.java:20)
at AutomationTests.AmazonLogin.quitbrowser(AmazonLogin.java:20)
at AutomationTests.AmazonLogin.quitbrowser(AmazonLogin.java:20)
at AutomationTests.AmazonLogin.quitbrowser(AmazonLogin.java:20)
at AutomationTests.AmazonLogin.quitbrowser(AmazonLogin.java:20)
at AutomationTests.AmazonLogin.quitbrowser(AmazonLogin.java:20)
at AutomationTests.AmazonLogin.quitbrowser(AmazonLogin.java:20)
at AutomationTests.AmazonLogin.quitbrowser(AmazonLogin.java:20)
at AutomationTests.AmazonLogin.quitbrowser(AmazonLogin.java:20)
at AutomationTests.AmazonLogin.quitbrowser(AmazonLogin.java:20)
at AutomationTests.AmazonLogin.quitbrowser(AmazonLogin.java:20)
at AutomationTests.AmazonLogin.quitbrowser(AmazonLogin.java:20)
at AutomationTests.AmazonLogin.quitbrowser(AmazonLogin.java:20)
at AutomationTests.AmazonLogin.quitbrowser(AmazonLogin.java:20)
at AutomationTests.AmazonLogin.quitbrowser(AmazonLogin.java:20)
at AutomationTests.AmazonLogin.quitbrowser(AmazonLogin.java:20)
at AutomationTests.AmazonLogin.quitbrowser(AmazonLogin.java:20)
at AutomationTests.AmazonLogin.quitbrowser(AmazonLogin.java:20)
at AutomationTests.AmazonLogin.quitbrowser(AmazonLogin.java:20)
at AutomationTests.AmazonLogin.quitbrowser(AmazonLogin.java:20)
at AutomationTests.AmazonLogin.quitbrowser(AmazonLogin.java:20)
at AutomationTests.AmazonLogin.quitbrowser(AmazonLogin.java:20)
at AutomationTests.AmazonLogin.quitbrowser(AmazonLogin.java:20)
at AutomationTests.AmazonLogin.quitbrowser(AmazonLogin.java:20)
at AutomationTests.AmazonLogin.quitbrowser(AmazonLogin.java:20)
at AutomationTests.AmazonLogin.quitbrowser(AmazonLogin.java:20)
at AutomationTests.AmazonLogin.quitbrowser(AmazonLogin.java:20)
at AutomationTests.AmazonLogin.quitbrowser(AmazonLogin.java:20)
at AutomationTests.AmazonLogin.quitbrowser(AmazonLogin.java:20)
at AutomationTests.AmazonLogin.quitbrowser(AmazonLogin.java:20)
at AutomationTests.AmazonLogin.quitbrowser(AmazonLogin.java:20)
at AutomationTests.AmazonLogin.quitbrowser(AmazonLogin.java:20)
at AutomationTests.AmazonLogin.quitbrowser(AmazonLogin.java:20)
at AutomationTests.AmazonLogin.quitbrowser(AmazonLogin.java:20)
at AutomationTests.AmazonLogin.quitbrowser(AmazonLogin.java:20)
at AutomationTests.AmazonLogin.quitbrowser(AmazonLogin.java:20)
at AutomationTests.AmazonLogin.quitbrowser(AmazonLogin.java:20)
at AutomationTests.AmazonLogin.quitbrowser(AmazonLogin.java:20)
at AutomationTests.AmazonLogin.quitbrowser(AmazonLogin.java:20)
at AutomationTests.AmazonLogin.quitbrowser(AmazonLogin.java:20)
at AutomationTests.AmazonLogin.quitbrowser(AmazonLogin.java:20)
at AutomationTests.AmazonLogin.quitbrowser(AmazonLogin.java:20)
at AutomationTests.AmazonLogin.quitbrowser(AmazonLogin.java:20)
at AutomationTests.AmazonLogin.quitbrowser(AmazonLogin.java:20)
at AutomationTests.AmazonLogin.quitbrowser(AmazonLogin.java:20)
at AutomationTests.AmazonLogin.quitbrowser(AmazonLogin.java:20)
at AutomationTests.AmazonLogin.quitbrowser(AmazonLogin.java:20)
at AutomationTests.AmazonLogin.quitbrowser(AmazonLogin.java:20)
at AutomationTests.AmazonLogin.quitbrowser(AmazonLogin.java:20)
at AutomationTests.AmazonLogin.quitbrowser(AmazonLogin.java:20)
at AutomationTests.AmazonLogin.quitbrowser(AmazonLogin.java:20)
at AutomationTests.AmazonLogin.quitbrowser(AmazonLogin.java:20)
at AutomationTests.AmazonLogin.quitbrowser(AmazonLogin.java:20)
at AutomationTests.AmazonLogin.quitbrowser(AmazonLogin.java:20)
at AutomationTests.AmazonLogin.quitbrowser(AmazonLogin.java:20)
at AutomationTests.AmazonLogin.quitbrowser(AmazonLogin.java:20)
at AutomationTests.AmazonLogin.quitbrowser(AmazonLogin.java:20)
at AutomationTests.AmazonLogin.quitbrowser(AmazonLogin.java:20)
at AutomationTests.AmazonLogin.quitbrowser(AmazonLogin.java:20)
at AutomationTests.AmazonLogin.quitbrowser(AmazonLogin.java:20)
at AutomationTests.AmazonLogin.quitbrowser(AmazonLogin.java:20)
at AutomationTests.AmazonLogin.quitbrowser(AmazonLogin.java:20)
at AutomationTests.AmazonLogin.quitbrowser(AmazonLogin.java:20)
at AutomationTests.AmazonLogin.quitbrowser(AmazonLogin.java:20)
at AutomationTests.AmazonLogin.quitbrowser(AmazonLogin.java:20)
at AutomationTests.AmazonLogin.quitbrowser(AmazonLogin.java:20)
at AutomationTests.AmazonLogin.quitbrowser(AmazonLogin.java:20)
at AutomationTests.AmazonLogin.quitbrowser(AmazonLogin.java:20)
at AutomationTests.AmazonLogin.quitbrowser(AmazonLogin.java:20)
at AutomationTests.AmazonLogin.quitbrowser(AmazonLogin.java:20)
at AutomationTests.AmazonLogin.quitbrowser(AmazonLogin.java:20)
at AutomationTests.AmazonLogin.quitbrowser(AmazonLogin.java:20)
at AutomationTests.AmazonLogin.quitbrowser(AmazonLogin.java:20)
at AutomationTests.AmazonLogin.quitbrowser(AmazonLogin.java:20)
at AutomationTests.AmazonLogin.quitbrowser(AmazonLogin.java:20)
at AutomationTests.AmazonLogin.quitbrowser(AmazonLogin.java:20)
at AutomationTests.AmazonLogin.quitbrowser(AmazonLogin.java:20)
at AutomationTests.AmazonLogin.quitbrowser(AmazonLogin.java:20)
at AutomationTests.AmazonLogin.quitbrowser(AmazonLogin.java:20)
at AutomationTests.AmazonLogin.quitbrowser(AmazonLogin.java:20)
at AutomationTests.AmazonLogin.quitbrowser(AmazonLogin.java:20)
at AutomationTests.AmazonLogin.quitbrowser(AmazonLogin.java:20)
at AutomationTests.AmazonLogin.quitbrowser(AmazonLogin.java:20)
at AutomationTests.AmazonLogin.quitbrowser(AmazonLogin.java:20)
at AutomationTests.AmazonLogin.quitbrowser(AmazonLogin.java:20)
at AutomationTests.AmazonLogin.quitbrowser(AmazonLogin.java:20)
at AutomationTests.AmazonLogin.quitbrowser(AmazonLogin.java:20)
at AutomationTests.AmazonLogin.quitbrowser(AmazonLogin.java:20)
at AutomationTests.AmazonLogin.quitbrowser(AmazonLogin.java:20)
at AutomationTests.AmazonLogin.quitbrowser(AmazonLogin.java:20)
at AutomationTests.AmazonLogin.quitbrowser(AmazonLogin.java:20)
at AutomationTests.AmazonLogin.quitbrowser(AmazonLogin.java:20)
at AutomationTests.AmazonLogin.quitbrowser(AmazonLogin.java:20)
at AutomationTests.AmazonLogin.quitbrowser(AmazonLogin.java:20)
at AutomationTests.AmazonLogin.quitbrowser(AmazonLogin.java:20)
at AutomationTests.AmazonLogin.quitbrowser(AmazonLogin.java:20)
at AutomationTests.AmazonLogin.quitbrowser(AmazonLogin.java:20)
at AutomationTests.AmazonLogin.quitbrowser(AmazonLogin.java:20)
at AutomationTests.AmazonLogin.quitbrowser(AmazonLogin.java:20)
at AutomationTests.AmazonLogin.quitbrowser(AmazonLogin.java:20)
at AutomationTests.AmazonLogin.quitbrowser(AmazonLogin.java:20)
at AutomationTests.AmazonLogin.quitbrowser(AmazonLogin.java:20)
at AutomationTests.AmazonLogin.quitbrowser(AmazonLogin.java:20)
at AutomationTests.AmazonLogin.quitbrowser(AmazonLogin.java:20)
at AutomationTests.AmazonLogin.quitbrowser(AmazonLogin.java:20)
at AutomationTests.AmazonLogin.quitbrowser(AmazonLogin.java:20)
at AutomationTests.AmazonLogin.quitbrowser(AmazonLogin.java:20)
at AutomationTests.AmazonLogin.quitbrowser(AmazonLogin.java:20)
at AutomationTests.AmazonLogin.quitbrowser(AmazonLogin.java:20)
at AutomationTests.AmazonLogin.quitbrowser(AmazonLogin.java:20)
at AutomationTests.AmazonLogin.quitbrowser(AmazonLogin.java:20)
at AutomationTests.AmazonLogin.quitbrowser(AmazonLogin.java:20)
at AutomationTests.AmazonLogin.quitbrowser(AmazonLogin.java:20)
at AutomationTests.AmazonLogin.quitbrowser(AmazonLogin.java:20)
at AutomationTests.AmazonLogin.quitbrowser(AmazonLogin.java:20)
at AutomationTests.AmazonLogin.quitbrowser(AmazonLogin.java:20)
at AutomationTests.AmazonLogin.quitbrowser(AmazonLogin.java:20)
at AutomationTests.AmazonLogin.quitbrowser(AmazonLogin.java:20)
at AutomationTests.AmazonLogin.quitbrowser(AmazonLogin.java:20)
at AutomationTests.AmazonLogin.quitbrowser(AmazonLogin.java:20)
at AutomationTests.AmazonLogin.quitbrowser(AmazonLogin.java:20)
at AutomationTests.AmazonLogin.quitbrowser(AmazonLogin.java:20)
at AutomationTests.AmazonLogin.quitbrowser(AmazonLogin.java:20)
at AutomationTests.AmazonLogin.quitbrowser(AmazonLogin.java:20)
at AutomationTests.AmazonLogin.quitbrowser(AmazonLogin.java:20)
at AutomationTests.AmazonLogin.quitbrowser(AmazonLogin.java:20)
at AutomationTests.AmazonLogin.quitbrowser(AmazonLogin.java:20)
at AutomationTests.AmazonLogin.quitbrowser(AmazonLogin.java:20)
at AutomationTests.AmazonLogin.quitbrowser(AmazonLogin.java:20)
at AutomationTests.AmazonLogin.quitbrowser(AmazonLogin.java:20)
at AutomationTests.AmazonLogin.quitbrowser(AmazonLogin.java:20)
at AutomationTests.AmazonLogin.quitbrowser(AmazonLogin.java:20)
at AutomationTests.AmazonLogin.quitbrowser(AmazonLogin.java:20)
at AutomationTests.AmazonLogin.quitbrowser(AmazonLogin.java:20)
at AutomationTests.AmazonLogin.quitbrowser(AmazonLogin.java:20)
at AutomationTests.AmazonLogin.quitbrowser(AmazonLogin.java:20)
at AutomationTests.AmazonLogin.quitbrowser(AmazonLogin.java:20)
at AutomationTests.AmazonLogin.quitbrowser(AmazonLogin.java:20)
at AutomationTests.AmazonLogin.quitbrowser(AmazonLogin.java:20)
at AutomationTests.AmazonLogin.quitbrowser(AmazonLogin.java:20)
at AutomationTests.AmazonLogin.quitbrowser(AmazonLogin.java:20)
at AutomationTests.AmazonLogin.quitbrowser(AmazonLogin.java:20)
at AutomationTests.AmazonLogin.quitbrowser(AmazonLogin.java:20)
at AutomationTests.AmazonLogin.quitbrowser(AmazonLogin.java:20)
at AutomationTests.AmazonLogin.quitbrowser(AmazonLogin.java:20)
at AutomationTests.AmazonLogin.quitbrowser(AmazonLogin.java:20)
at AutomationTests.AmazonLogin.quitbrowser(AmazonLogin.java:20)
at AutomationTests.AmazonLogin.quitbrowser(AmazonLogin.java:20)
at AutomationTests.AmazonLogin.quitbrowser(AmazonLogin.java:20)
at AutomationTests.AmazonLogin.quitbrowser(AmazonLogin.java:20)
at AutomationTests.AmazonLogin.quitbrowser(AmazonLogin.java:20)
at AutomationTests.AmazonLogin.quitbrowser(AmazonLogin.java:20)
at AutomationTests.AmazonLogin.quitbrowser(AmazonLogin.java:20)
at AutomationTests.AmazonLogin.quitbrowser(AmazonLogin.java:20)
at AutomationTests.AmazonLogin.quitbrowser(AmazonLogin.java:20)
at AutomationTests.AmazonLogin.quitbrowser(AmazonLogin.java:20)
at AutomationTests.AmazonLogin.quitbrowser(AmazonLogin.java:20)
at AutomationTests.AmazonLogin.quitbrowser(AmazonLogin.java:20)
at AutomationTests.AmazonLogin.quitbrowser(AmazonLogin.java:20)
at AutomationTests.AmazonLogin.quitbrowser(AmazonLogin.java:20)
at AutomationTests.AmazonLogin.quitbrowser(AmazonLogin.java:20)
at AutomationTests.AmazonLogin.quitbrowser(AmazonLogin.java:20)
at AutomationTests.AmazonLogin.quitbrowser(AmazonLogin.java:20)
at AutomationTests.AmazonLogin.quitbrowser(AmazonLogin.java:20)
at AutomationTests.AmazonLogin.quitbrowser(AmazonLogin.java:20)
at AutomationTests.AmazonLogin.quitbrowser(AmazonLogin.java:20)
at AutomationTests.AmazonLogin.quitbrowser(AmazonLogin.java:20)
at AutomationTests.AmazonLogin.quitbrowser(AmazonLogin.java:20)
at AutomationTests.AmazonLogin.quitbrowser(AmazonLogin.java:20)
at AutomationTests.AmazonLogin.quitbrowser(AmazonLogin.java:20)
at AutomationTests.AmazonLogin.quitbrowser(AmazonLogin.java:20)
at AutomationTests.AmazonLogin.quitbrowser(AmazonLogin.java:20)
at AutomationTests.AmazonLogin.quitbrowser(AmazonLogin.java:20)
at AutomationTests.AmazonLogin.quitbrowser(AmazonLogin.java:20)
at AutomationTests.AmazonLogin.quitbrowser(AmazonLogin.java:20)
at AutomationTests.AmazonLogin.quitbrowser(AmazonLogin.java:20)
at AutomationTests.AmazonLogin.quitbrowser(AmazonLogin.java:20)
at AutomationTests.AmazonLogin.quitbrowser(AmazonLogin.java:20)
at AutomationTests.AmazonLogin.quitbrowser(AmazonLogin.java:20)
at AutomationTests.AmazonLogin.quitbrowser(AmazonLogin.java:20)
at AutomationTests.AmazonLogin.quitbrowser(AmazonLogin.java:20)
at AutomationTests.AmazonLogin.quitbrowser(AmazonLogin.java:20)
at AutomationTests.AmazonLogin.quitbrowser(AmazonLogin.java:20)
at AutomationTests.AmazonLogin.quitbrowser(AmazonLogin.java:20)
at AutomationTests.AmazonLogin.quitbrowser(AmazonLogin.java:20)
at AutomationTests.AmazonLogin.quitbrowser(AmazonLogin.java:20)
at AutomationTests.AmazonLogin.quitbrowser(AmazonLogin.java:20)
at AutomationTests.AmazonLogin.quitbrowser(AmazonLogin.java:20)
at AutomationTests.AmazonLogin.quitbrowser(AmazonLogin.java:20)
at AutomationTests.AmazonLogin.quitbrowser(AmazonLogin.java:20)
at AutomationTests.AmazonLogin.quitbrowser(AmazonLogin.java:20)
at AutomationTests.AmazonLogin.quitbrowser(AmazonLogin.java:20)
at AutomationTests.AmazonLogin.quitbrowser(AmazonLogin.java:20)
at AutomationTests.AmazonLogin.quitbrowser(AmazonLogin.java:20)
at AutomationTests.AmazonLogin.quitbrowser(AmazonLogin.java:20)
at AutomationTests.AmazonLogin.quitbrowser(AmazonLogin.java:20)
at AutomationTests.AmazonLogin.quitbrowser(AmazonLogin.java:20)
at AutomationTests.AmazonLogin.quitbrowser(AmazonLogin.java:20)
at AutomationTests.AmazonLogin.quitbrowser(AmazonLogin.java:20)
at AutomationTests.AmazonLogin.quitbrowser(AmazonLogin.java:20)
at AutomationTests.AmazonLogin.quitbrowser(AmazonLogin.java:20)
at AutomationTests.AmazonLogin.quitbrowser(AmazonLogin.java:20)
at AutomationTests.AmazonLogin.quitbrowser(AmazonLogin.java:20)
at AutomationTests.AmazonLogin.quitbrowser(AmazonLogin.java:20)
at AutomationTests.AmazonLogin.quitbrowser(AmazonLogin.java:20)
at AutomationTests.AmazonLogin.quitbrowser(AmazonLogin.java:20)
at AutomationTests.AmazonLogin.quitbrowser(AmazonLogin.java:20)
at AutomationTests.AmazonLogin.quitbrowser(AmazonLogin.java:20)
at AutomationTests.AmazonLogin.quitbrowser(AmazonLogin.java:20)
at AutomationTests.AmazonLogin.quitbrowser(AmazonLogin.java:20)
at AutomationTests.AmazonLogin.quitbrowser(AmazonLogin.java:20)
at AutomationTests.AmazonLogin.quitbrowser(AmazonLogin.java:20)
at AutomationTests.AmazonLogin.quitbrowser(AmazonLogin.java:20)
at AutomationTests.AmazonLogin.quitbrowser(AmazonLogin.java:20)
at AutomationTests.AmazonLogin.quitbrowser(AmazonLogin.java:20)
at AutomationTests.AmazonLogin.quitbrowser(AmazonLogin.java:20)
at AutomationTests.AmazonLogin.quitbrowser(AmazonLogin.java:20)
at AutomationTests.AmazonLogin.quitbrowser(AmazonLogin.java:20)
at AutomationTests.AmazonLogin.quitbrowser(AmazonLogin.java:20)
at AutomationTests.AmazonLogin.quitbrowser(AmazonLogin.java:20)
at AutomationTests.AmazonLogin.quitbrowser(AmazonLogin.java:20)
at AutomationTests.AmazonLogin.quitbrowser(AmazonLogin.java:20)
at AutomationTests.AmazonLogin.quitbrowser(AmazonLogin.java:20)
at AutomationTests.AmazonLogin.quitbrowser(AmazonLogin.java:20)
at AutomationTests.AmazonLogin.quitbrowser(AmazonLogin.java:20)
at AutomationTests.AmazonLogin.quitbrowser(AmazonLogin.java:20)
at AutomationTests.AmazonLogin.quitbrowser(AmazonLogin.java:20)
at AutomationTests.AmazonLogin.quitbrowser(AmazonLogin.java:20)
at AutomationTests.AmazonLogin.quitbrowser(AmazonLogin.java:20)
at AutomationTests.AmazonLogin.quitbrowser(AmazonLogin.java:20)
at AutomationTests.AmazonLogin.quitbrowser(AmazonLogin.java:20)
at AutomationTests.AmazonLogin.quitbrowser(AmazonLogin.java:20)
at AutomationTests.AmazonLogin.quitbrowser(AmazonLogin.java:20)
at AutomationTests.AmazonLogin.quitbrowser(AmazonLogin.java:20)
at AutomationTests.AmazonLogin.quitbrowser(AmazonLogin.java:20)
]]>
    </error>
  </testcase> <!-- quitbrowser -->
</testsuite> <!-- AutomationTests.AmazonLogin -->
