<?xml version="1.0" encoding="UTF-8"?>
<!-- Generated by org.testng.reporters.JUnitReportReporter -->
<testsuite hostname="Altafs-MacBook-Air.local" failures="0" tests="2" name="AutomationTests.LoginobjectTest" time="23.299" errors="0" timestamp="07 May 2018 03:27:56 GMT" skipped="0">
  <testcase classname="AutomationTests.LoginobjectTest" name="Loginpagetests" time="11.995"/>
  <testcase classname="AutomationTests.LoginobjectTest" name="Loginpagetests" time="11.304"/>
</testsuite> <!-- AutomationTests.LoginobjectTest -->
